{
  "stats": {
    "suites": 1,
    "tests": 2,
    "passes": 2,
    "pending": 0,
    "failures": 0,
    "start": "2020-11-07T16:59:56.651Z",
    "end": "2020-11-07T17:00:02.951Z",
    "duration": 6300,
    "testsRegistered": 2,
    "passPercent": 100,
    "pendingPercent": 0,
    "other": 0,
    "hasOther": false,
    "skipped": 0,
    "hasSkipped": false
  },
  "results": [
    {
      "uuid": "123e3337-3bb0-433d-b2e2-fbf927f3b5d1",
      "title": "",
      "fullFile": "cypress/integration/socialNetworks/Facebook.feature",
      "file": "cypress/integration/socialNetworks/Facebook.feature",
      "beforeHooks": [],
      "afterHooks": [],
      "tests": [],
      "suites": [
        {
          "uuid": "addcb0fb-12c4-4558-9dcd-5ebb4f1dc662",
          "title": "The Facebook",
          "fullFile": "",
          "file": "",
          "beforeHooks": [],
          "afterHooks": [],
          "tests": [
            {
              "title": "Opening a social network page",
              "fullTitle": "The Facebook Opening a social network page",
              "timedOut": null,
              "duration": 2178,
              "state": "passed",
              "speed": "slow",
              "pass": true,
              "fail": false,
              "pending": false,
              "context": null,
              "code": "const state = window.testState;\nreturn cy\n  .then(() => state.onStartScenario(scenario, indexedSteps))\n  .then(() =>\n    resolveAndRunBeforeHooks.call(this, scenario.tags, state.feature.name)\n  )\n  .then(() =>\n    indexedSteps.forEach(step =>\n      stepTest.call(this, state, step, rowData)\n    )\n  )\n  .then(() =>\n    resolveAndRunAfterHooks.call(this, scenario.tags, state.feature.name)\n  )\n  .then(() => state.onFinishScenario(scenario));",
              "err": {},
              "uuid": "7858d640-e6ad-4a6b-8f39-859087ec7b75",
              "parentUUID": "addcb0fb-12c4-4558-9dcd-5ebb4f1dc662",
              "isHook": false,
              "skipped": false
            },
            {
              "title": "Different kind of opening",
              "fullTitle": "The Facebook Different kind of opening",
              "timedOut": null,
              "duration": 1071,
              "state": "passed",
              "speed": "slow",
              "pass": true,
              "fail": false,
              "pending": false,
              "context": null,
              "code": "const state = window.testState;\nreturn cy\n  .then(() => state.onStartScenario(scenario, indexedSteps))\n  .then(() =>\n    resolveAndRunBeforeHooks.call(this, scenario.tags, state.feature.name)\n  )\n  .then(() =>\n    indexedSteps.forEach(step =>\n      stepTest.call(this, state, step, rowData)\n    )\n  )\n  .then(() =>\n    resolveAndRunAfterHooks.call(this, scenario.tags, state.feature.name)\n  )\n  .then(() => state.onFinishScenario(scenario));",
              "err": {},
              "uuid": "9438e2ac-56e7-4d99-8df3-9153ed501b0a",
              "parentUUID": "addcb0fb-12c4-4558-9dcd-5ebb4f1dc662",
              "isHook": false,
              "skipped": false
            }
          ],
          "suites": [],
          "passes": [
            "7858d640-e6ad-4a6b-8f39-859087ec7b75",
            "9438e2ac-56e7-4d99-8df3-9153ed501b0a"
          ],
          "failures": [],
          "pending": [],
          "skipped": [],
          "duration": 3249,
          "root": false,
          "rootEmpty": false,
          "_timeout": 2000
        }
      ],
      "passes": [],
      "failures": [],
      "pending": [],
      "skipped": [],
      "duration": 0,
      "root": true,
      "rootEmpty": true,
      "_timeout": 2000
    }
  ],
  "meta": {
    "mocha": {
      "version": "7.0.1"
    },
    "mochawesome": {
      "options": {
        "quiet": true,
        "reportFilename": "mochawesome",
        "saveHtml": false,
        "saveJson": true,
        "consoleReporter": "spec",
        "useInlineDiffs": false,
        "code": true
      },
      "version": "6.1.1"
    },
    "marge": {
      "options": {
        "id": "default",
        "reportDir": "test-report/json-result",
        "quiet": true,
        "overwrite": false,
        "html": false,
        "json": true
      },
      "version": "5.1.0"
    }
  }
}